002421 VOTE S1 electionTimer 
002422 VOTE S1 reset electionTimer 
002422 VOTE S1 Term 1 starts getting votes 
002422 VOTE S1 sendRequestVote to S2
002422 VOTE S1 sendRequestVote to S0
002425 VOTE S2 Term 0 gets Requestvote from Candidate 1 Term 1
002425 VOTE S2 vote for S1
002425 VOTE S2 reset electionTimer 
002425 VOTE S0 Term 0 gets Requestvote from Candidate 1 Term 1
002425 VOTE S0 vote for S1
002425 VOTE S0 reset electionTimer 
002425 VOTE S1 become leader
002525 LOG1 S1 append log at 1
004803 VOTE S2 electionTimer 
004803 VOTE S2 reset electionTimer 
004804 VOTE S2 Term 2 starts getting votes 
004804 VOTE S2 sendRequestVote to S1
004804 VOTE S2 sendRequestVote to S0
004805 VOTE S0 Term 1 gets Requestvote from Candidate 2 Term 2
004805 VOTE S0 vote for S2
004805 VOTE S0 reset electionTimer 
004805 VOTE S1 Term 1 gets Requestvote from Candidate 2 Term 2
004806 VOTE S2 become leader
005008 VOTE S1 electionTimer 
005009 VOTE S1 reset electionTimer 
005009 VOTE S1 Term 3 starts getting votes 
005009 VOTE S1 sendRequestVote to S2
005009 VOTE S1 sendRequestVote to S0
005010 VOTE S2 Term 2 gets Requestvote from Candidate 1 Term 3
005010 VOTE S2 vote for S1
005010 VOTE S2 reset electionTimer 
005010 VOTE S0 Term 2 gets Requestvote from Candidate 1 Term 3
005011 VOTE S0 vote for S1
005011 VOTE S0 reset electionTimer 
005011 VOTE S1 become leader
007503 VOTE S0 electionTimer 
007504 VOTE S0 reset electionTimer 
007504 VOTE S0 Term 4 starts getting votes 
007504 VOTE S0 sendRequestVote to S2
007504 VOTE S0 sendRequestVote to S1
007505 VOTE S2 Term 3 gets Requestvote from Candidate 0 Term 4
007505 VOTE S2 vote for S0
007505 VOTE S2 reset electionTimer 
007505 VOTE S1 Term 3 gets Requestvote from Candidate 0 Term 4
007505 VOTE S0 become leader
007614 VOTE S1 electionTimer 
007614 VOTE S1 reset electionTimer 
007614 VOTE S1 Term 5 starts getting votes 
007614 VOTE S1 sendRequestVote to S2
007614 VOTE S1 sendRequestVote to S0
007615 VOTE S2 Term 4 gets Requestvote from Candidate 1 Term 5
007615 VOTE S2 vote for S1
007615 VOTE S2 reset electionTimer 
007615 VOTE S0 Term 4 gets Requestvote from Candidate 1 Term 5
007616 VOTE S0 vote for S1
007616 VOTE S0 reset electionTimer 
007616 VOTE S1 become leader
009911 VOTE S0 electionTimer 
009912 VOTE S0 reset electionTimer 
009912 VOTE S0 Term 6 starts getting votes 
009912 VOTE S0 sendRequestVote to S2
009912 VOTE S1 electionTimer 
009912 VOTE S1 reset electionTimer 
009912 VOTE S0 sendRequestVote to S1
009913 VOTE S2 Term 5 gets Requestvote from Candidate 0 Term 6
009913 VOTE S2 vote for S0
009913 VOTE S2 reset electionTimer 
009913 VOTE S0 become leader
009914 VOTE S1 Term 5 gets Requestvote from Candidate 0 Term 6
012227 VOTE S2 electionTimer 
012227 VOTE S2 reset electionTimer 
012227 VOTE S2 Term 7 starts getting votes 
012227 VOTE S2 sendRequestVote to S1
012227 VOTE S2 sendRequestVote to S0
012228 VOTE S1 Term 6 gets Requestvote from Candidate 2 Term 7
012228 VOTE S0 Term 6 gets Requestvote from Candidate 2 Term 7
012228 VOTE S0 vote for S2
012228 VOTE S0 reset electionTimer 
012229 VOTE S2 become leader
014761 VOTE S0 electionTimer 
014761 VOTE S0 reset electionTimer 
014761 VOTE S0 Term 8 starts getting votes 
014762 VOTE S0 sendRequestVote to S2
014763 VOTE S0 sendRequestVote to S1
014763 VOTE S2 Term 7 gets Requestvote from Candidate 0 Term 8
014765 VOTE S2 vote for S0
014765 VOTE S2 reset electionTimer 
014765 VOTE S1 Term 7 gets Requestvote from Candidate 0 Term 8
014766 VOTE S0 become leader
017148 VOTE S2 electionTimer 
017148 VOTE S2 reset electionTimer 
017148 VOTE S2 Term 9 starts getting votes 
017148 VOTE S2 sendRequestVote to S1
017149 VOTE S2 sendRequestVote to S0
017150 VOTE S0 Term 8 gets Requestvote from Candidate 2 Term 9
017150 VOTE S0 vote for S2
017150 VOTE S0 reset electionTimer 
017150 VOTE S1 Term 8 gets Requestvote from Candidate 2 Term 9
017150 VOTE S2 become leader
019539 VOTE S0 electionTimer 
019540 VOTE S0 reset electionTimer 
019540 VOTE S0 Term 10 starts getting votes 
019539 VOTE S2 electionTimer 
019540 VOTE S2 reset electionTimer 
019540 VOTE S0 sendRequestVote to S1
019540 VOTE S0 sendRequestVote to S2
019541 VOTE S2 Term 9 gets Requestvote from Candidate 0 Term 10
019541 VOTE S2 vote for S0
019542 VOTE S2 reset electionTimer 
019542 VOTE S0 become leader
019542 VOTE S1 Term 9 gets Requestvote from Candidate 0 Term 10
021844 VOTE S0 electionTimer 
021844 VOTE S0 reset electionTimer 